<?xml version="1.0" encoding="UTF-8"?>
<!-- Generated by org.testng.reporters.JUnitReportReporter -->
<testsuite skipped="0" hostname="WAILAP-19" name="FOITest.HandleUsers" tests="1" failures="0" timestamp="22 Jul 2022 10:28:11 GMT" time="61.549" errors="0">
  <testcase name="switchtotenant" time="61.549" classname="FOITest.HandleUsers"/>
</testsuite> <!-- FOITest.HandleUsers -->
